0 info it worked if it ends with ok
1 verbose cli [ '/usr/local/bin/node', '/usr/local/bin/npm', 'run', 'release' ]
2 info using npm@6.14.5
3 info using node@v12.18.2
4 verbose config Skipping project config: /home/node/.npmrc. (matches userconfig)
5 verbose run-script [ 'prerelease', 'release', 'postrelease' ]
6 info lifecycle angular-text-input-highlight-fork@1.6.1~prerelease: angular-text-input-highlight-fork@1.6.1
7 verbose lifecycle angular-text-input-highlight-fork@1.6.1~prerelease: unsafe-perm in lifecycle true
8 verbose lifecycle angular-text-input-highlight-fork@1.6.1~prerelease: PATH: /usr/local/lib/node_modules/npm/node_modules/npm-lifecycle/node-gyp-bin:/home/node/node_modules/.bin:/usr/local/bin:/usr/bin:/bin:/usr/local/games:/usr/games
9 verbose lifecycle angular-text-input-highlight-fork@1.6.1~prerelease: CWD: /home/node
10 silly lifecycle angular-text-input-highlight-fork@1.6.1~prerelease: Args: [ '-c', 'npm test' ]
11 silly lifecycle angular-text-input-highlight-fork@1.6.1~prerelease: Returned: code: 0  signal: null
12 info lifecycle angular-text-input-highlight-fork@1.6.1~release: angular-text-input-highlight-fork@1.6.1
13 verbose lifecycle angular-text-input-highlight-fork@1.6.1~release: unsafe-perm in lifecycle true
14 verbose lifecycle angular-text-input-highlight-fork@1.6.1~release: PATH: /usr/local/lib/node_modules/npm/node_modules/npm-lifecycle/node-gyp-bin:/home/node/node_modules/.bin:/usr/local/bin:/usr/bin:/bin:/usr/local/games:/usr/games
15 verbose lifecycle angular-text-input-highlight-fork@1.6.1~release: CWD: /home/node
16 silly lifecycle angular-text-input-highlight-fork@1.6.1~release: Args: [ '-c', 'npm run release:git && npm run release:npm' ]
17 silly lifecycle angular-text-input-highlight-fork@1.6.1~release: Returned: code: 128  signal: null
18 info lifecycle angular-text-input-highlight-fork@1.6.1~release: Failed to exec release script
19 verbose stack Error: angular-text-input-highlight-fork@1.6.1 release: `npm run release:git && npm run release:npm`
19 verbose stack Exit status 128
19 verbose stack     at EventEmitter.<anonymous> (/usr/local/lib/node_modules/npm/node_modules/npm-lifecycle/index.js:332:16)
19 verbose stack     at EventEmitter.emit (events.js:315:20)
19 verbose stack     at ChildProcess.<anonymous> (/usr/local/lib/node_modules/npm/node_modules/npm-lifecycle/lib/spawn.js:55:14)
19 verbose stack     at ChildProcess.emit (events.js:315:20)
19 verbose stack     at maybeClose (internal/child_process.js:1021:16)
19 verbose stack     at Process.ChildProcess._handle.onexit (internal/child_process.js:286:5)
20 verbose pkgid angular-text-input-highlight-fork@1.6.1
21 verbose cwd /home/node
22 verbose Linux 5.4.0-39-generic
23 verbose argv "/usr/local/bin/node" "/usr/local/bin/npm" "run" "release"
24 verbose node v12.18.2
25 verbose npm  v6.14.5
26 error code ELIFECYCLE
27 error errno 128
28 error angular-text-input-highlight-fork@1.6.1 release: `npm run release:git && npm run release:npm`
28 error Exit status 128
29 error Failed at the angular-text-input-highlight-fork@1.6.1 release script.
29 error This is probably not a problem with npm. There is likely additional logging output above.
30 verbose exit [ 128, true ]
