0 info it worked if it ends with ok
1 verbose cli [ '/usr/local/bin/node', '/usr/local/bin/npm', 'run', 'release' ]
2 info using npm@6.14.5
3 info using node@v12.18.2
4 verbose config Skipping project config: /home/node/.npmrc. (matches userconfig)
5 verbose run-script [ 'prerelease', 'release', 'postrelease' ]
6 info lifecycle angular-text-input-highlight-fork@1.6.1~prerelease: angular-text-input-highlight-fork@1.6.1
7 verbose lifecycle angular-text-input-highlight-fork@1.6.1~prerelease: unsafe-perm in lifecycle true
8 verbose lifecycle angular-text-input-highlight-fork@1.6.1~prerelease: PATH: /usr/local/lib/node_modules/npm/node_modules/npm-lifecycle/node-gyp-bin:/home/node/node_modules/.bin:/usr/local/bin:/usr/bin:/bin:/usr/local/games:/usr/games
9 verbose lifecycle angular-text-input-highlight-fork@1.6.1~prerelease: CWD: /home/node
10 silly lifecycle angular-text-input-highlight-fork@1.6.1~prerelease: Args: [ '-c', 'npm test' ]
11 silly lifecycle angular-text-input-highlight-fork@1.6.1~prerelease: Returned: code: 1  signal: null
12 info lifecycle angular-text-input-highlight-fork@1.6.1~prerelease: Failed to exec prerelease script
13 verbose stack Error: angular-text-input-highlight-fork@1.6.1 prerelease: `npm test`
13 verbose stack Exit status 1
13 verbose stack     at EventEmitter.<anonymous> (/usr/local/lib/node_modules/npm/node_modules/npm-lifecycle/index.js:332:16)
13 verbose stack     at EventEmitter.emit (events.js:315:20)
13 verbose stack     at ChildProcess.<anonymous> (/usr/local/lib/node_modules/npm/node_modules/npm-lifecycle/lib/spawn.js:55:14)
13 verbose stack     at ChildProcess.emit (events.js:315:20)
13 verbose stack     at maybeClose (internal/child_process.js:1021:16)
13 verbose stack     at Process.ChildProcess._handle.onexit (internal/child_process.js:286:5)
14 verbose pkgid angular-text-input-highlight-fork@1.6.1
15 verbose cwd /home/node
16 verbose Linux 5.4.0-39-generic
17 verbose argv "/usr/local/bin/node" "/usr/local/bin/npm" "run" "release"
18 verbose node v12.18.2
19 verbose npm  v6.14.5
20 error code ELIFECYCLE
21 error errno 1
22 error angular-text-input-highlight-fork@1.6.1 prerelease: `npm test`
22 error Exit status 1
23 error Failed at the angular-text-input-highlight-fork@1.6.1 prerelease script.
23 error This is probably not a problem with npm. There is likely additional logging output above.
24 verbose exit [ 1, true ]
